#ДЗ №11

--создаем таблицу с наполнением. Таблица с тарнзакциями:
	Pay_id – идентификатор транзакции
	MSISDN – номер телефона
	pay_date – дата платежа
	bank_name – банк-инициатор платежа

create table t_transaction as 
select generate_series as pay_id
    ,to_char(random() * 10000000000, '0000000000') as MSISDN
    , timestamp '2023-01-01 00:00:00' +
       random() * (timestamp '2023-01-01 00:00:00' -
                   timestamp '2023-12-31 23:59:59') as pay_date
    , (array['СБЕР', 'ВТБ', 'АЛЬФА'])[floor(random() * 3 + 1)] as bank_name
from generate_series(1, 50000);


1. Выполняем произвольную выборку. Индекса нет
explain (buffers, analyze, costs, verbose) 
select * from t_transaction where pay_id=500;

Seq Scan on ustinov.t_transaction  (cost=0.00..1027.00 rows=1 width=32) (actual time=0.131..7.909 rows=1 loops=1)
  Output: pay_id, msisdn, pay_date, bank_name
  Filter: (t_transaction.pay_id = 500)
  Rows Removed by Filter: 49999
  Buffers: shared hit=402
Planning Time: 0.189 ms
Execution Time: 7.933 ms

2. Добавляем primary key (он же будет являться уникальным индексом)
alter table ustinov.t_transaction add constraint t_transaction$pay_id$p primary key (pay_id); 

--выполняем тот же селект (из п.1). Результат - cost стал меньше
explain (buffers, analyze, costs, verbose) 
select * from t_transaction where pay_id=500;

Index Scan using "t_transaction$pay_id$p" on ustinov.t_transaction  (cost=0.29..8.31 rows=1 width=32) (actual time=0.046..0.048 rows=1 loops=1)
  Output: pay_id, msisdn, pay_date, bank_name
  Index Cond: (t_transaction.pay_id = 500)
  Buffers: shared hit=1 read=2
Planning:
  Buffers: shared hit=15 read=1
Planning Time: 1.179 ms
Execution Time: 0.067 ms


3. Создаем индекс с функцией (поиск по тексту в независимости от регистра)

--вначале без индекса, чтобы сравнить стоимость
explain (buffers, analyze, costs, verbose) 
select * from t_transaction where upper(bank_name)=upper('втб');

Seq Scan on ustinov.t_transaction  (cost=0.00..1152.00 rows=250 width=32) (actual time=0.042..68.668 rows=16782 loops=1)
  Output: pay_id, msisdn, pay_date, bank_name
  Filter: (upper(t_transaction.bank_name) = 'ВТБ'::text)
  Rows Removed by Filter: 33218
  Buffers: shared hit=402
Planning Time: 0.163 ms
Execution Time: 69.625 ms

--создаем индекс
create index t_transaction$bank_name$i on t_transaction(upper(bank_name)); 

--проверка индекса, стоимость снизилась
explain (buffers, analyze, costs, verbose) 
select * from t_transaction where upper(bank_name)=upper('втб');

Bitmap Heap Scan on ustinov.t_transaction  (cost=6.23..379.01 rows=250 width=32) (actual time=1.093..3.833 rows=16782 loops=1)
  Output: pay_id, msisdn, pay_date, bank_name
  Recheck Cond: (upper(t_transaction.bank_name) = 'ВТБ'::text)
  Heap Blocks: exact=402
  Buffers: shared hit=402 read=16
  ->  Bitmap Index Scan on "t_transaction$bank_name$i"  (cost=0.00..6.17 rows=250 width=0) (actual time=1.040..1.040 rows=16782 loops=1)
        Index Cond: (upper(t_transaction.bank_name) = 'ВТБ'::text)
        Buffers: shared read=16
Planning:
  Buffers: shared hit=18 read=1
Planning Time: 1.027 ms
Execution Time: 5.404 ms

4. Полнотекстовый индекс

модифицируем поле bank_name и создаем GIN-индекс
alter table t_transaction alter column bank_name type tsvector using bank_name::tsvector;
create index t_transaction$bank_name$i on t_transaction using GIN (bank_name); 

--проверяем использование индекса
explain (buffers, analyze, costs, verbose) 
select * from t_transaction where bank_name @@ to_tsquery('ВТБ');

Bitmap Heap Scan on ustinov.t_transaction  (cost=22.19..484.18 rows=250 width=41) (actual time=0.386..0.387 rows=0 loops=1)
  Output: pay_id, msisdn, pay_date, bank_name
  Recheck Cond: (t_transaction.bank_name @@ to_tsquery('ВТБ'::text))
  Buffers: shared hit=2
  ->  Bitmap Index Scan on "t_transaction$bank_name$i"  (cost=0.00..22.13 rows=250 width=0) (actual time=0.383..0.383 rows=0 loops=1)
        Index Cond: (t_transaction.bank_name @@ to_tsquery('ВТБ'::text))
        Buffers: shared hit=2
Planning:
  Buffers: shared hit=30 read=18
Planning Time: 46.996 ms
Execution Time: 0.467 ms

Примечание: 
а) не получилось выполнить select * from t_transaction where upper(bank_name)=upper('втб');
ОШИБКА: функция upper(tsvector) не существует
  Подсказка: Функция с данными именем и типами аргументов не найдена. Возможно, вам следует добавить явные приведения типов.
б) where bank_name @@ to_tsquery('ВТБ') по данному условию ничего не найдено. Не совсем понимаю как GIN-индексом пользоваться
  
5. Пересоздам таблицу
drop table ustinov.t_transaction;
create table t_transaction as 
select generate_series as pay_id
    ,to_char(random() * 10000000000, '0000000000') as MSISDN
    , timestamp '2023-01-01 00:00:00' +
       random() * (timestamp '2023-01-01 00:00:00' -
                   timestamp '2023-12-31 23:59:59') as pay_date
    , (array['СБЕР', 'ВТБ', 'АЛЬФА'])[floor(random() * 3 + 1)] as bank_name
from generate_series(1, 50000);

--создаю индекс по двум полям
create index t_transaction$pay_id_pay_date$i on t_transaction (pay_id, pay_date);
explain (buffers, analyze, costs, verbose) 

--проверяю, что индекс по двум полям работает
select * from t_transaction where pay_id=500 and pay_date>'2022-12-31';

Index Scan using "t_transaction$pay_id_pay_date$i" on ustinov.t_transaction  (cost=0.29..8.31 rows=1 width=33) (actual time=0.022..0.024 rows=1 loops=1)
  Output: pay_id, msisdn, pay_date, bank_name
  Index Cond: ((t_transaction.pay_id = 500) AND (t_transaction.pay_date > '2022-12-31 00:00:00'::timestamp without time zone))
  Buffers: shared hit=3
Planning Time: 0.289 ms
Execution Time: 0.049 ms

--проверяю, что индекс по одному полю из двух тоже работает
explain (buffers, analyze, costs, verbose) 
select * from t_transaction where pay_id=500;

Index Scan using "t_transaction$pay_id_pay_date$i" on ustinov.t_transaction  (cost=0.29..8.31 rows=1 width=33) (actual time=0.022..0.023 rows=1 loops=1)
  Output: pay_id, msisdn, pay_date, bank_name
  Index Cond: (t_transaction.pay_id = 500)
  Buffers: shared hit=3
Planning Time: 0.173 ms
Execution Time: 0.043 ms
