## HW 13
## О схеме решения
Схема мобильной коммерции (система мобильных платежей): покупка товаров при помощи средств с телефона.

Таблицы:
- t_transaction - таблица транзакций покупок товаров
- t_transaction_part - таблица транзакций покупок товаров (партицированная с сабпартициями)
- t_good - товары
- dir_status - описание статусов (т.е. абонент может создать транзакцию на покупку и купить товар или не купить, например, если недостаточно средств). Для каждого случая выставляется свой статус.

Партиция – то же что и секция.

## Скрипты
### Зачищаем данные
```bash
drop table if exists t_transaction;
drop table if exists t_transaction_part;
drop table if exists dir_status;
drop table if exists t_good;
```
### Создание таблиц
```bash
create table dir_status (id int PRIMARY KEY, descr text);
comment on table dir_status is 'Описание статусов транзакций';
comment on column dir_status.id is 'Код статуса';
comment on column dir_status.descr is 'Описание статуса';

create table t_good (id bigint PRIMARY KEY, descr text);
comment on table t_good is 'Товары';
comment on column t_good.id is 'Код товара';
comment on column t_good.descr is 'Описание товара';

create table t_transaction (
 pay_id bigint PRIMARY KEY, 
 msisdn text NOT NULL, 
 amount numeric NOT NULL, 
 status int NOT null, 
 good_id int NOT null,
 pay_date date not null);
comment on table t_transaction is 'Транзакции покупок товаров';
comment on column t_transaction.pay_id is 'Идентификатор платежа';
comment on column t_transaction.msisdn is 'Номер телефона';
comment on column t_transaction.amount is 'Сумма покупки товара';
comment on column t_transaction.status is 'Статус транзакции';
comment on column t_transaction.good_id is 'Идентификатор товара';
comment on column t_transaction.pay_date is 'Дата покупки товара';

create table t_transaction_part (
 pay_id bigint, 
 msisdn text NOT NULL, 
 amount numeric NOT NULL, 
 status int NOT null, 
 good_id int NOT null,
 pay_date date not null) partition by range (pay_date);
comment on table t_transaction_part is 'Транзакции покупок товаров';
comment on column t_transaction_part.pay_id is 'Идентификатор платежа';
comment on column t_transaction_part.msisdn is 'Номер телефона';
comment on column t_transaction_part.amount is 'Сумма покупки товара';
comment on column t_transaction_part.status is 'Статус транзакции';
comment on column t_transaction_part.good_id is 'Идентификатор товара';
comment on column t_transaction_part.pay_date is 'Дата покупки товара';

insert into dir_status values (111, 'Покупка товара успешно выполнена');
insert into dir_status values (115, 'Отмена товара успешно выполнена');
insert into dir_status values (-111, 'Ошибка при покупке товара');
insert into dir_status values (-115, 'Ошибка при отмене товара');

insert into t_good values (1, 'Билет в кино');
insert into t_good values (2, 'Билет на самолет');
insert into t_good values (3, 'Билет на поезд');
```

### Создание партиций и сабпартиций
Партиции по дате за 5 лет с разбивкой по месяцам. 
Каждая партиция содержит сабпартции - список значений из таблицы t_good (1,2,3). 

```bash
do $$
declare
    good_id	integer := 1;
    good_array	constant int[] = array[1, 2, 3];
    good int;
   
	range_fr1 text;
	range_to1 text;
	range_fr2 text;
	range_to2 text;
	range_fr3 text;
	range_to3 text;
	range_fr4 text;
	range_to4 text;	
	range_fr5 text;
	range_to5 text;
	range_fr6 text;
	range_to6 text;
	range_fr7 text;
	range_to7 text;
	range_fr8 text;
	range_to8 text;	
	range_fr9 text;
	range_to9 text;
	range_fr10 text;
	range_to10 text;
	range_fr11 text;
	range_to11 text;
	range_fr12 text;
	range_to12 text;	
begin
	for the_year in 2020 .. 2024
	loop
		good_id := 1;
		range_fr1 = the_year::text || '-01-01';
		range_to1 = the_year::text || '-02-01';
		range_fr2 = the_year::text || '-02-01';
		range_to2 = the_year::text || '-03-01';
		range_fr3 = the_year::text || '-03-01';
		range_to3 = the_year::text || '-04-01';
		range_fr4 = the_year::text || '-04-01';
		range_to4 = the_year::text || '-05-01';	
		range_fr5 = the_year::text || '-05-01';
		range_to5 = the_year::text || '-06-01';
		range_fr6 = the_year::text || '-06-01';
		range_to6 = the_year::text || '-07-01';
		range_fr7 = the_year::text || '-07-01';
		range_to7 = the_year::text || '-08-01';
		range_fr8 = the_year::text || '-08-01';
		range_to8 = the_year::text || '-09-01';
		range_fr9 = the_year::text || '-09-01';
		range_to9 = the_year::text || '-10-01';
		range_fr10 = the_year::text || '-10-01';
		range_to10 = the_year::text || '-11-01';	
		range_fr11 = the_year::text || '-11-01';
		range_to11 = the_year::text || '-12-01';
		range_fr12 = the_year::text || '-12-01';
		range_to12 = (the_year+1)::text || '-01-01';	
		
execute format('create table t_transaction_part_%s_1 partition of t_transaction_part for values from (%s) to (%s) partition by list (good_id);', the_year, quote_literal(range_fr1), quote_literal(range_to1));
		execute format('create table t_transaction_part_%s_2 partition of t_transaction_part for values from (%s) to (%s) partition by list (good_id);', the_year, quote_literal(range_fr2), quote_literal(range_to2));
		execute format('create table t_transaction_part_%s_3 partition of t_transaction_part for values from (%s) to (%s) partition by list (good_id);', the_year, quote_literal(range_fr3), quote_literal(range_to3));
		execute format('create table t_transaction_part_%s_4 partition of t_transaction_part for values from (%s) to (%s) partition by list (good_id);', the_year, quote_literal(range_fr4), quote_literal(range_to4));
		execute format('create table t_transaction_part_%s_5 partition of t_transaction_part for values from (%s) to (%s) partition by list (good_id);', the_year, quote_literal(range_fr5), quote_literal(range_to5));
		execute format('create table t_transaction_part_%s_6 partition of t_transaction_part for values from (%s) to (%s) partition by list (good_id);', the_year, quote_literal(range_fr6), quote_literal(range_to6));
		execute format('create table t_transaction_part_%s_7 partition of t_transaction_part for values from (%s) to (%s) partition by list (good_id);', the_year, quote_literal(range_fr7), quote_literal(range_to7));
		execute format('create table t_transaction_part_%s_8 partition of t_transaction_part for values from (%s) to (%s) partition by list (good_id);', the_year, quote_literal(range_fr8), quote_literal(range_to8));
		execute format('create table t_transaction_part_%s_9 partition of t_transaction_part for values from (%s) to (%s) partition by list (good_id);', the_year, quote_literal(range_fr9), quote_literal(range_to9));
		execute format('create table t_transaction_part_%s_10 partition of t_transaction_part for values from (%s) to (%s) partition by list (good_id);', the_year, quote_literal(range_fr10), quote_literal(range_to10));
		execute format('create table t_transaction_part_%s_11 partition of t_transaction_part for values from (%s) to (%s) partition by list (good_id);', the_year, quote_literal(range_fr11), quote_literal(range_to11));
		execute format('create table t_transaction_part_%s_12 partition of t_transaction_part for values from (%s) to (%s) partition by list (good_id);', the_year, quote_literal(range_fr12), quote_literal(range_to12));	
	
	    foreach good in array good_array loop
			execute format('create table t_transaction_part_good_%s_1_%s partition of t_transaction_part_%s_1 for values in (%s);', the_year, good_id, the_year, quote_literal(good));
			execute format('create table t_transaction_part_good_%s_2_%s partition of t_transaction_part_%s_2 for values in (%s);', the_year, good_id, the_year, quote_literal(good));
			execute format('create table t_transaction_part_good_%s_3_%s partition of t_transaction_part_%s_3 for values in (%s);', the_year, good_id, the_year, quote_literal(good));
			execute format('create table t_transaction_part_good_%s_4_%s partition of t_transaction_part_%s_4 for values in (%s);', the_year, good_id, the_year, quote_literal(good));
			execute format('create table t_transaction_part_good_%s_5_%s partition of t_transaction_part_%s_5 for values in (%s);', the_year, good_id, the_year, quote_literal(good));
			execute format('create table t_transaction_part_good_%s_6_%s partition of t_transaction_part_%s_6 for values in (%s);', the_year, good_id, the_year, quote_literal(good));
			execute format('create table t_transaction_part_good_%s_7_%s partition of t_transaction_part_%s_7 for values in (%s);', the_year, good_id, the_year, quote_literal(good));
			execute format('create table t_transaction_part_good_%s_8_%s partition of t_transaction_part_%s_8 for values in (%s);', the_year, good_id, the_year, quote_literal(good));
			execute format('create table t_transaction_part_good_%s_9_%s partition of t_transaction_part_%s_9 for values in (%s);', the_year, good_id, the_year, quote_literal(good));
			execute format('create table t_transaction_part_good_%s_10_%s partition of t_transaction_part_%s_10 for values in (%s);', the_year, good_id, the_year, quote_literal(good));
			execute format('create table t_transaction_part_good_%s_11_%s partition of t_transaction_part_%s_11 for values in (%s);', the_year, good_id, the_year, quote_literal(good));
			execute format('create table t_transaction_part_good_%s_12_%s partition of t_transaction_part_%s_12 for values in (%s);', the_year, good_id, the_year, quote_literal(good));
	    	good_id := good_id + 1;
		end loop;
	
	end loop;
end; $$ language plpgsql;
```

### Наполнение данными
По по 10кк записей в больших таблицах; добавление ограничений
```bash
insert into t_transaction 
select generate_series as pay_id
    ,to_char(random() * 10000000000, '0000000000') as MSISDN
    ,random()*1000 as amount
    , (array[111, -111, 115, -115])[floor(random() * 3 + 1)] as status
    , (array[1, 2, 3])[floor(random() * 3 + 1)] as good_id
    , timestamp '2024-01-01 00:00:00' +
       random() * (timestamp '2020-01-01 00:00:00' -
                   timestamp '2023-12-31 23:59:59') as pay_date
from generate_series(1, 10000000);
commit;

insert into t_transaction_part 
select generate_series as pay_id
    ,to_char(random() * 10000000000, '0000000000') as MSISDN
    ,random()*1000 as amount
    , (array[111, -111, 115, -115])[floor(random() * 3 + 1)] as status
    , (array[1, 2, 3])[floor(random() * 3 + 1)] as good_id
    , timestamp '2024-01-01 00:00:00' +
       random() * (timestamp '2020-01-01 00:00:00' -
                   timestamp '2023-12-31 23:59:59') as pay_date
from generate_series(1, 10000000);
commit;

alter table t_transaction add constraint t_transaction$status$f foreign key (status) references dir_status(id);
alter table t_transaction add constraint t_transaction$good_id$f foreign key (good_id) references t_good(id);
alter table t_transaction_part add constraint t_transaction$status$f foreign key (status) references dir_status(id);
alter table t_transaction_part add constraint t_transaction$good_id$f foreign key (good_id) references t_good(id);
```

## Планы запросов
### Выборка по дате
Непартицированная таблица
```bash
explain (analyze, costs)
select * from t_transaction where pay_date>='2023-12-01 00:00:00'::date and pay_date<'2024-01-01 00:00:00'::date;
```

Результат:
```bash
Gather  (cost=1000.00..180239.64 rows=232816 width=43) (actual time=0.595..1651.721 rows=211963 loops=1)
  Workers Planned: 2
  Workers Launched: 2
  ->  Parallel Seq Scan on t_transaction  (cost=0.00..155958.04 rows=97007 width=43) (actual time=0.260..1412.075 rows=70654 loops=3)
        Filter: ((pay_date >= '2023-12-01'::date) AND (pay_date < '2024-01-01'::date))
        Rows Removed by Filter: 3262679
Planning Time: 0.155 ms
Execution Time: 1664.426 ms

Gather  (cost=1000.00..180239.64 rows=232816 width=43) (actual time=0.595..1651.721 rows=211963 loops=1)
```

Партицированная таблица
```bash
explain (analyze, costs)
select * from t_transaction_part where pay_date>='2023-12-01 00:00:00'::date and pay_date<'2024-01-01 00:00:00'::date;
```

Результат (скан трех сабпартиции t_transaction_part_good_2023_12_*):
```bash
Append  (cost=0.00..4134.46 rows=716 width=84) (actual time=0.041..100.845 rows=212432 loops=1)
  ->  Seq Scan on t_transaction_part_good_2023_12_1 t_transaction_part_1  (cost=0.00..1379.04 rows=239 width=84) (actual time=0.039..23.125 rows=70891 loops=1)
        Filter: ((pay_date >= '2023-12-01'::date) AND (pay_date < '2024-01-01'::date))
  ->  Seq Scan on t_transaction_part_good_2023_12_2 t_transaction_part_2  (cost=0.00..1379.04 rows=239 width=84) (actual time=0.069..27.577 rows=70941 loops=1)
        Filter: ((pay_date >= '2023-12-01'::date) AND (pay_date < '2024-01-01'::date))
  ->  Seq Scan on t_transaction_part_good_2023_12_3 t_transaction_part_3  (cost=0.00..1372.80 rows=238 width=84) (actual time=0.085..27.883 rows=70600 loops=1)
        Filter: ((pay_date >= '2023-12-01'::date) AND (pay_date < '2024-01-01'::date))
Planning Time: 0.381 ms
Execution Time: 112.438 ms

Append  (cost=0.00..4134.46 rows=716 width=84) (actual time=0.041..100.845 rows=212432 loops=1)
```
### Выборка по дате и товару
Непартицированная таблица
```bash
explain (analyze, costs)
select * from t_transaction where pay_date>='2023-12-01 00:00:00'::date and pay_date<'2024-01-01 00:00:00'::date and good_id=1;
```

Результат:
```bash
Gather  (cost=1000.00..175108.91 rows=77342 width=43) (actual time=1.119..1613.034 rows=70689 loops=1)
  Workers Planned: 2
  Workers Launched: 2
  ->  Parallel Seq Scan on t_transaction  (cost=0.00..166374.71 rows=32226 width=43) (actual time=0.312..1417.623 rows=23563 loops=3)
        Filter: ((pay_date >= '2023-12-01'::date) AND (pay_date < '2024-01-01'::date) AND (good_id = 1))
        Rows Removed by Filter: 3309770
Planning Time: 0.276 ms
Execution Time: 1618.308 ms

Gather  (cost=1000.00..175108.91 rows=77342 width=43) (actual time=1.119..1613.034 rows=70689 loops=1)
```

Партицированная таблица
```bash
explain (analyze, costs)
select * from t_transaction_part where pay_date>='2023-12-01 00:00:00'::date and pay_date<'2024-01-01 00:00:00'::date and good_id=1;
```

Результат (скан только сабпартиции t_transaction_part_good_2023_12_1):
```bash
Seq Scan on t_transaction_part_good_2023_12_1 t_transaction_part  (cost=0.00..1498.38 rows=1 width=84) (actual time=0.049..30.593 rows=70891 loops=1)
  Filter: ((pay_date >= '2023-12-01'::date) AND (pay_date < '2024-01-01'::date) AND (good_id = 1))
Planning Time: 0.338 ms
Execution Time: 35.233 ms

Seq Scan on t_transaction_part_good_2023_12_1 t_transaction_part  (cost=0.00..1498.38 rows=1 width=84) (actual time=0.049..30.593 rows=70891 loops=1)
```

